
Showing logs for build [32mcb-kubecd-environment-pr-206-37-bqvx7-1[0m stage [32mfrom-build-pack[0m and container [32mstep-credential-initializer-j66db[0m
{"level":"info","ts":1587545090.011701,"logger":"fallback-logger","caller":"logging/config.go:69","msg":"Fetch GitHub commit ID from kodata failed: open /var/run/ko/refs/heads/0.8.0-ns-support: no such file or directory"}
{"level":"info","ts":1587545090.012626,"logger":"fallback-logger","caller":"creds-init/main.go:40","msg":"Credentials initialized."}

Showing logs for build [32mcb-kubecd-environment-pr-206-37-bqvx7-1[0m stage [32mfrom-build-pack[0m and container [32mstep-working-dir-initializer-h6gnk[0m
{"level":"info","ts":1587545091.0241716,"logger":"fallback-logger","caller":"logging/config.go:69","msg":"Fetch GitHub commit ID from kodata failed: open /var/run/ko/HEAD: no such file or directory"}
{"level":"info","ts":1587545091.0254197,"logger":"fallback-logger","caller":"bash/main.go:64","msg":"Successfully executed command \"sh -c mkdir -p /workspace/source\"; output "}

Showing logs for build [32mcb-kubecd-environment-pr-206-37-bqvx7-1[0m stage [32mfrom-build-pack[0m and container [32mstep-place-tools[0m

Showing logs for build [32mcb-kubecd-environment-pr-206-37-bqvx7-1[0m stage [32mfrom-build-pack[0m and container [32mstep-git-source-cb-kubecd-environment-pr-206-37-bqvx7-glnxv[0m
{"level":"info","ts":1587545095.1339376,"logger":"fallback-logger","caller":"logging/config.go:69","msg":"Fetch GitHub commit ID from kodata failed: open /var/run/ko/refs/heads/0.8.0-ns-support: no such file or directory"}
{"level":"info","ts":1587545096.1991913,"logger":"fallback-logger","caller":"git/git.go:103","msg":"Successfully cloned https://github.com/cb-kubecd/environment-pr-206-37-boot-gke-production.git @ master in path /workspace/source"}

Showing logs for build [32mcb-kubecd-environment-pr-206-37-bqvx7-1[0m stage [32mfrom-build-pack[0m and container [32mstep-git-merge[0m
Using SHAs from PULL_REFS=master:770d0598f19d20691b429b6c065304ec78c7e9f2,1:946f78c3ebdba0cf840ec644af693e8615d2e0ea
DEBUG: LC_ALL=C JX_LOG_LEVEL=error git fetch origin --unshallow 946f78c3ebdba0cf840ec644af693e8615d2e0ea: 770d0598f19d20691b429b6c065304ec78c7e9f2:
DEBUG: ran git fetch --unshallow origin 946f78c3ebdba0cf840ec644af693e8615d2e0ea: 770d0598f19d20691b429b6c065304ec78c7e9f2: in 
DEBUG: JX_LOG_LEVEL=error LC_ALL=C git branch
DEBUG: LC_ALL=C JX_LOG_LEVEL=error git checkout master
DEBUG: ran git checkout master in 
DEBUG: LC_ALL=C JX_LOG_LEVEL=error git reset --hard 770d0598f19d20691b429b6c065304ec78c7e9f2
DEBUG: ran git reset --hard 770d0598f19d20691b429b6c065304ec78c7e9f2 in 
DEBUG: LC_ALL=C JX_LOG_LEVEL=error git clean -fd .
DEBUG: ran clean --force -d . in 
DEBUG: LC_ALL=C JX_LOG_LEVEL=error git merge 946f78c3ebdba0cf840ec644af693e8615d2e0ea
DEBUG: ran git merge 946f78c3ebdba0cf840ec644af693e8615d2e0ea in 
DEBUG: LC_ALL=C JX_LOG_LEVEL=error git log --format=%H%x1f%an%x1f%ae%x1f%cn%x1f%ce%x1f%s%n%b%x1e 770d0598f19d20691b429b6c065304ec78c7e9f2..HEAD
Merged SHA 946f78c3ebdba0cf840ec644af693e8615d2e0ea with commit message 'chore: Promote bdd-spring-1587544087 to version 0.0.1' into base branch master

Showing logs for build [32mcb-kubecd-environment-pr-206-37-bqvx7-1[0m stage [32mfrom-build-pack[0m and container [32mstep-build-helm-build[0m
WARNING: No $CHART_REPOSITORY defined so using the default value of: http://jenkins-x-chartmuseum:8080
Adding missing Helm repo: storage.googleapis.com https://storage.googleapis.com/chartmuseum.jenkins-x.io
WARNING: No secrets found on "helm/repos" due: reading the secret "helm/repos" from vault: no secret "helm/repos" not found in vault
Read credentials for https://storage.googleapis.com/chartmuseum.jenkins-x.io from vault helm/repos
Successfully added Helm repository storage.googleapis.com.
Adding missing Helm repo: jenkins-x-chartmuseum http://jenkins-x-chartmuseum:8080
WARNING: No secrets found on "helm/repos" due: reading the secret "helm/repos" from vault: no secret "helm/repos" not found in vault
Read credentials for http://jenkins-x-chartmuseum:8080 from vault helm/repos
Successfully added Helm repository jenkins-x-chartmuseum.
WARNING: No $CHART_REPOSITORY defined so using the default value of: http://jenkins-x-chartmuseum:8080
Adding missing Helm repo: chartmuseum.jenkins-x.io http://chartmuseum.jenkins-x.io
WARNING: No secrets found on "helm/repos" due: reading the secret "helm/repos" from vault: no secret "helm/repos" not found in vault
Read credentials for http://chartmuseum.jenkins-x.io from vault helm/repos
Successfully added Helm repository chartmuseum.jenkins-x.io.
